<?xml version="1.0" encoding="UTF-8"?>
<!-- Generated by org.testng.reporters.JUnitReportReporter -->
<testsuite hostname="DESKTOP-R3IULL6" failures="0" tests="1" name="Automation.TestAutomation.testing.AppTest" time="18.829" errors="0" timestamp="2021-07-29T22:38:36 CAT" skipped="0">
  <testcase classname="Automation.TestAutomation.testing.AppTest" name="test" time="18.829"/>
  <system-out/>
</testsuite> <!-- Automation.TestAutomation.testing.AppTest -->
